Version: 4.2.1
Build: 28
Time Stamp: 17 March 2021, 06:47:03
Java: 1.8.0_102

Available Message
null

Available Stack Trace
java.util.ConcurrentModificationException
	at java.util.ArrayList$Itr.checkForComodification(Unknown Source)
	at java.util.ArrayList$Itr.next(Unknown Source)
	at hms.model.met.k.l(Unknown Source)
	at hms.model.met.m.b(Unknown Source)
	at hms.model.basin.o.p(Unknown Source)
	at hms.model.basin.o.h(Unknown Source)
	at hms.a.ah.a(Unknown Source)
	at hms.a.ah.call(Unknown Source)
	at java.util.concurrent.FutureTask.run(Unknown Source)
	at java.util.concurrent.ThreadPoolExecutor.runWorker(Unknown Source)
	at java.util.concurrent.ThreadPoolExecutor$Worker.run(Unknown Source)
	at java.lang.Thread.run(Unknown Source)
