    -----DSS---ZOPEN:  Existing File Opened,  File: C:/Users/Endi Hajdari/Desktop/Civil Engineering Level IV/CIVENG 4L04/Labs/Lab Project 5.0/MS-Tifton Basin-Group 12/Tifton_Group12/Existing_Condition.dss
                       Unit:   71;  DSS Versions - Software: 6-SH, File: 6-SH
    -----DSS---ZOPEN:  Existing File Opened,  File: C:/Users/Endi Hajdari/Desktop/Civil Engineering Level IV/CIVENG 4L04/Labs/Lab Project 5.0/MS-Tifton Basin-Group 12/Tifton_Group12/Urbanized_Condition_1.dss
                       Unit:   72;  DSS Versions - Software: 6-SH, File: 6-SH
    -----DSS---ZOPEN:  Existing File Opened,  File: C:/Users/Endi Hajdari/Desktop/Civil Engineering Level IV/CIVENG 4L04/Labs/Lab Project 5.0/MS-Tifton Basin-Group 12/Tifton_Group12/Urbanized_Condition_2.dss
                       Unit:   73;  DSS Versions - Software: 6-SH, File: 6-SH
    -----DSS---ZOPEN:  Existing File Opened,  File: C:/Users/Endi Hajdari/Desktop/Civil Engineering Level IV/CIVENG 4L04/Labs/Lab Project 5.0/MS-Tifton Basin-Group 12/Tifton_Group12/Run_1.dss
                       Unit:   74;  DSS Versions - Software: 6-SH, File: 6-SH
    -----DSS---ZOPEN:  Existing File Opened,  File: C:/Users/Endi Hajdari/Desktop/Civil Engineering Level IV/CIVENG 4L04/Labs/Lab Project 5.0/MS-Tifton Basin-Group 12/Tifton_Group12/Urbanized_Condition_3.dss
                       Unit:   75;  DSS Versions - Software: 6-SH, File: 6-SH
    -----DSS---ZOPEN:  Existing File Opened,  File: C:/Users/Endi Hajdari/Desktop/Civil Engineering Level IV/CIVENG 4L04/Labs/Lab Project 5.0/MS-Tifton Basin-Group 12/Tifton_Group12/UC1.dss
                       Unit:   76;  DSS Versions - Software: 6-SH, File: 6-SH
    -----DSS---ZOPEN:  Existing File Opened,  File: C:/Users/Endi Hajdari/Desktop/Civil Engineering Level IV/CIVENG 4L04/Labs/Lab Project 5.0/MS-Tifton Basin-Group 12/Tifton_Group12/S1.dss
                       Unit:   77;  DSS Versions - Software: 6-SH, File: 6-SH
    -----DSS---ZOPEN:  Existing File Opened,  File: C:/Users/Endi Hajdari/Desktop/Civil Engineering Level IV/CIVENG 4L04/Labs/Lab Project 5.0/MS-Tifton Basin-Group 12/Tifton_Group12/S2.dss
                       Unit:   78;  DSS Versions - Software: 6-SH, File: 6-SH
    -----DSS---ZOPEN:  Existing File Opened,  File: C:/Users/Endi Hajdari/Desktop/Civil Engineering Level IV/CIVENG 4L04/Labs/Lab Project 5.0/MS-Tifton Basin-Group 12/Tifton_Group12/S3.dss
                       Unit:   79;  DSS Versions - Software: 6-SH, File: 6-SH
    -----DSS---ZOPEN:  Existing File Opened,  File: C:/Users/Endi Hajdari/Desktop/Civil Engineering Level IV/CIVENG 4L04/Labs/Lab Project 5.0/MS-Tifton Basin-Group 12/Tifton_Group12/S4.dss
                       Unit:   80;  DSS Versions - Software: 6-SH, File: 6-SH
    -----DSS---ZCLOSE Unit:   71,   File: C:/Users/Endi Hajdari/Desktop/Civil Engineering Level IV/CIVENG
               Pointer Utilization:  0.25
               Number of Records:     59
               File Size:    401.1  Kbytes
               Percent Inactive:   0.0

    -----DSS---ZCLOSE Unit:   72,   File: C:/Users/Endi Hajdari/Desktop/Civil Engineering Level IV/CIVENG
               Pointer Utilization:  0.25
               Number of Records:     59
               File Size:    401.1  Kbytes
               Percent Inactive:   0.0

    -----DSS---ZCLOSE Unit:   73,   File: C:/Users/Endi Hajdari/Desktop/Civil Engineering Level IV/CIVENG
               Pointer Utilization:  0.25
               Number of Records:     59
               File Size:    401.1  Kbytes
               Percent Inactive:   0.0

    -----DSS---ZCLOSE Unit:   74,   File: C:/Users/Endi Hajdari/Desktop/Civil Engineering Level IV/CIVENG
               Pointer Utilization:  0.00
               Number of Records:      0
               File Size:     25.6  Kbytes
               Percent Inactive:   0.0

    -----DSS---ZCLOSE Unit:   75,   File: C:/Users/Endi Hajdari/Desktop/Civil Engineering Level IV/CIVENG
               Pointer Utilization:  0.25
               Number of Records:     59
               File Size:    401.2  Kbytes
               Percent Inactive:   0.0

    -----DSS---ZCLOSE Unit:   76,   File: C:/Users/Endi Hajdari/Desktop/Civil Engineering Level IV/CIVENG
               Pointer Utilization:  0.25
               Number of Records:     59
               File Size:    400.2  Kbytes
               Percent Inactive:   0.0

    -----DSS---ZCLOSE Unit:   77,   File: C:/Users/Endi Hajdari/Desktop/Civil Engineering Level IV/CIVENG
               Pointer Utilization:  0.25
               Number of Records:     59
               File Size:    400.1  Kbytes
               Percent Inactive:   0.0

    -----DSS---ZCLOSE Unit:   78,   File: C:/Users/Endi Hajdari/Desktop/Civil Engineering Level IV/CIVENG
               Pointer Utilization:  0.25
               Number of Records:     59
               File Size:    401.7  Kbytes
               Percent Inactive:   0.4

    -----DSS---ZCLOSE Unit:   79,   File: C:/Users/Endi Hajdari/Desktop/Civil Engineering Level IV/CIVENG
               Pointer Utilization:  0.25
               Number of Records:     59
               File Size:    400.1  Kbytes
               Percent Inactive:   0.0

    -----DSS---ZCLOSE Unit:   80,   File: C:/Users/Endi Hajdari/Desktop/Civil Engineering Level IV/CIVENG
               Pointer Utilization:  0.25
               Number of Records:     59
               File Size:    400.1  Kbytes
               Percent Inactive:   0.0

